#
# There is insufficient memory for the Java Runtime Environment to continue.
# Native memory allocation (malloc) failed to allocate 1048576 bytes for AllocateHeap
# Possible reasons:
#   The system is out of physical RAM or swap space
#   The process is running with CompressedOops enabled, and the Java Heap may be blocking the growth of the native heap
# Possible solutions:
#   Reduce memory load on the system
#   Increase physical memory or swap space
#   Check if swap backing store is full
#   Decrease Java heap size (-Xmx/-Xms)
#   Decrease number of Java threads
#   Decrease Java thread stack sizes (-Xss)
#   Set larger code cache with -XX:ReservedCodeCacheSize=
#   JVM is running with Unscaled Compressed Oops mode in which the Java heap is
#     placed in the first 4GB address space. The Java Heap base address is the
#     maximum limit for the native heap growth. Please use -XX:HeapBaseMinAddress
#     to set the Java Heap base and to place the Java Heap above 4GB virtual address.
# This output file may be truncated or incomplete.
#
#  Out of Memory Error (./src/hotspot/share/memory/allocation.cpp:46), pid=19292, tid=19392
#
# JRE version: OpenJDK Runtime Environment (11.0.10) (build 11.0.10+0-b96-7249189)
# Java VM: OpenJDK 64-Bit Server VM (11.0.10+0-b96-7249189, mixed mode, tiered, compressed oops, g1 gc, windows-amd64)
# No core dump will be written. Minidumps are not enabled by default on client versions of Windows
#

---------------  S U M M A R Y ------------

Command Line: --add-opens=java.base/java.util=ALL-UNNAMED --add-opens=java.base/java.lang=ALL-UNNAMED --add-opens=java.base/java.lang.invoke=ALL-UNNAMED --add-opens=java.prefs/java.util.prefs=ALL-UNNAMED -Xmx2048m -Dfile.encoding=UTF-8 -Duser.country=US -Duser.language=en -Duser.variant org.gradle.launcher.daemon.bootstrap.GradleDaemon 6.7.1

Host: Intel(R) Core(TM) i3-3227U CPU @ 1.90GHz, 4 cores, 7G,  Windows 10 , 64 bit Build 19041 (10.0.19041.1151)
Time: Fri Sep  3 12:16:58 2021 India Standard Time elapsed time: 700.307460 seconds (0d 0h 11m 40s)

---------------  T H R E A D  ---------------

Current thread (0x0000016ff8aaa000):  VMThread "VM Thread" [stack: 0x00000069d2c00000,0x00000069d2d00000] [id=19392]

Stack: [0x00000069d2c00000,0x00000069d2d00000]
[error occurred during error reporting (printing stack bounds), id 0xc0000005, EXCEPTION_ACCESS_VIOLATION (0xc0000005) at pc=0x0000016fe2250f2d]

Native frames: (J=compiled Java code, j=interpreted, Vv=VM code, C=native code)
V  [jvm.dll+0x5ecfaa]
V  [jvm.dll+0x722bd5]
V  [jvm.dll+0x72412d]
V  [jvm.dll+0x724745]
V  [jvm.dll+0x7246fb]
V  [jvm.dll+0x5ec348]
V  [jvm.dll+0x5ecad8]
C  [ntdll.dll+0xa217f]
C  [ntdll.dll+0x51454]
C  [ntdll.dll+0xa0cae]
C  0x0000016fe2250f2d

VM_Operation (0x00000069d54f5bb0): CollectForMetadataAllocation, mode: safepoint, requested by thread 0x0000016ffd742000


---------------  P R O C E S S  ---------------

Threads class SMR info:
_java_thread_list=0x0000016f80f593b0, length=42, elements={
0x0000016fde75b800, 0x0000016ff8aae000, 0x0000016ff8ab1800, 0x0000016ff9442800,
0x0000016ff8ac4000, 0x0000016ff8ac6000, 0x0000016ff8acc000, 0x0000016ff8ad9800,
0x0000016ff8adf800, 0x0000016ff9583800, 0x0000016ffaee7000, 0x0000016ffad1b800,
0x0000016ffb1c8800, 0x0000016ff9d87800, 0x0000016ffae6f800, 0x0000016ffaf3f800,
0x0000016ffaee1800, 0x0000016ffaee0800, 0x0000016ffa2bd800, 0x0000016ffa2c0800,
0x0000016ffa2c4000, 0x0000016ffa2be000, 0x0000016ffa2bf000, 0x0000016ffa2c0000,
0x0000016ffa2c1800, 0x0000016ffa2c2800, 0x0000016ffa2c3000, 0x0000016ffd734000,
0x0000016ffd733800, 0x0000016ffd73a000, 0x0000016ffd73a800, 0x0000016ffd736800,
0x0000016ffd735000, 0x0000016ffd73b800, 0x0000016ffd735800, 0x0000016ffd73e800,
0x0000016ffd741000, 0x0000016ffd742000, 0x0000016ffd73f800, 0x0000016ffd73c800,
0x0000016ffd73d000, 0x0000016ffd740800
}

Java Threads: ( => current thread )
  0x0000016fde75b800 JavaThread "main" [_thread_blocked, id=19360, stack(0x00000069d2600000,0x00000069d2700000)]
  0x0000016ff8aae000 JavaThread "Reference Handler" daemon [_thread_blocked, id=19396, stack(0x00000069d2d00000,0x00000069d2e00000)]
  0x0000016ff8ab1800 JavaThread "Finalizer" daemon [_thread_blocked, id=19400, stack(0x00000069d2e00000,0x00000069d2f00000)]
  0x0000016ff9442800 JavaThread "Signal Dispatcher" daemon [_thread_blocked, id=19404, stack(0x00000069d2f00000,0x00000069d3000000)]
  0x0000016ff8ac4000 JavaThread "Attach Listener" daemon [_thread_blocked, id=19408, stack(0x00000069d3000000,0x00000069d3100000)]
  0x0000016ff8ac6000 JavaThread "Service Thread" daemon [_thread_blocked, id=19412, stack(0x00000069d3100000,0x00000069d3200000)]
  0x0000016ff8acc000 JavaThread "C2 CompilerThread0" daemon [_thread_blocked, id=19416, stack(0x00000069d3200000,0x00000069d3300000)]
  0x0000016ff8ad9800 JavaThread "C1 CompilerThread0" daemon [_thread_blocked, id=19420, stack(0x00000069d3300000,0x00000069d3400000)]
  0x0000016ff8adf800 JavaThread "Sweeper thread" daemon [_thread_blocked, id=19424, stack(0x00000069d3400000,0x00000069d3500000)]
  0x0000016ff9583800 JavaThread "Common-Cleaner" daemon [_thread_blocked, id=19428, stack(0x00000069d3500000,0x00000069d3600000)]
  0x0000016ffaee7000 JavaThread "Daemon health stats" [_thread_blocked, id=18476, stack(0x00000069d3900000,0x00000069d3a00000)]
  0x0000016ffad1b800 JavaThread "Incoming local TCP Connector on port 50346" [_thread_in_native, id=1860, stack(0x00000069d3c00000,0x00000069d3d00000)]
  0x0000016ffb1c8800 JavaThread "Daemon periodic checks" [_thread_blocked, id=18484, stack(0x00000069d3d00000,0x00000069d3e00000)]
  0x0000016ff9d87800 JavaThread "Daemon" [_thread_blocked, id=18624, stack(0x00000069d3e00000,0x00000069d3f00000)]
  0x0000016ffae6f800 JavaThread "Handler for socket connection from /127.0.0.1:50346 to /127.0.0.1:50347" [_thread_in_native, id=18628, stack(0x00000069d3f00000,0x00000069d4000000)]
  0x0000016ffaf3f800 JavaThread "Cancel handler" [_thread_blocked, id=18636, stack(0x00000069d4000000,0x00000069d4100000)]
  0x0000016ffaee1800 JavaThread "Daemon worker" [_thread_blocked, id=18496, stack(0x00000069d4100000,0x00000069d4200000)]
  0x0000016ffaee0800 JavaThread "Asynchronous log dispatcher for DefaultDaemonConnection: socket connection from /127.0.0.1:50346 to /127.0.0.1:50347" [_thread_blocked, id=18500, stack(0x00000069d4200000,0x00000069d4300000)]
  0x0000016ffa2bd800 JavaThread "Thread-8" [_thread_blocked, id=13064, stack(0x00000069d4400000,0x00000069d4500000)]
  0x0000016ffa2c0800 JavaThread "Cache worker for file hash cache (C:\Users\Admin\.gradle\caches\6.7.1\fileHashes)" [_thread_blocked, id=6344, stack(0x00000069d4600000,0x00000069d4700000)]
  0x0000016ffa2c4000 JavaThread "File lock request listener" [_thread_in_native, id=5884, stack(0x00000069d4700000,0x00000069d4800000)]
  0x0000016ffa2be000 JavaThread "Cache worker for journal cache (C:\Users\Admin\.gradle\caches\journal-1)" [_thread_blocked, id=15056, stack(0x00000069d4800000,0x00000069d4900000)]
  0x0000016ffa2bf000 JavaThread "Cache worker for file hash cache (E:\indifun\indifun0101-jameel\indifun0101-master\.gradle\6.7.1\fileHashes)" [_thread_blocked, id=10872, stack(0x00000069d2300000,0x00000069d2400000)]
  0x0000016ffa2c0000 JavaThread "Cache worker for checksums cache (E:\indifun\indifun0101-jameel\indifun0101-master\.gradle\checksums)" [_thread_blocked, id=2632, stack(0x00000069d2400000,0x00000069d2500000)]
  0x0000016ffa2c1800 JavaThread "Cache worker for cache directory md-supplier (C:\Users\Admin\.gradle\caches\6.7.1\md-supplier)" [_thread_blocked, id=10036, stack(0x00000069d2500000,0x00000069d2600000)]
  0x0000016ffa2c2800 JavaThread "Cache worker for cache directory md-rule (C:\Users\Admin\.gradle\caches\6.7.1\md-rule)" [_thread_blocked, id=18756, stack(0x00000069d4900000,0x00000069d4a00000)]
  0x0000016ffa2c3000 JavaThread "Cache worker for execution history cache (C:\Users\Admin\.gradle\caches\6.7.1\executionHistory)" [_thread_blocked, id=17892, stack(0x00000069d4a00000,0x00000069d4b00000)]
  0x0000016ffd734000 JavaThread "Cache worker for file content cache (C:\Users\Admin\.gradle\caches\6.7.1\fileContent)" [_thread_blocked, id=18740, stack(0x00000069d4b00000,0x00000069d4c00000)]
  0x0000016ffd733800 JavaThread "Cache worker for Build Output Cleanup Cache (E:\indifun\indifun0101-jameel\indifun0101-master\.gradle\buildOutputCleanup)" [_thread_blocked, id=14000, stack(0x00000069d4c00000,0x00000069d4d00000)]
  0x0000016ffd73a000 JavaThread "Build operations" [_thread_blocked, id=16332, stack(0x00000069d4d00000,0x00000069d4e00000)]
  0x0000016ffd73a800 JavaThread "Build operations Thread 2" [_thread_blocked, id=1636, stack(0x00000069d4e00000,0x00000069d4f00000)]
  0x0000016ffd736800 JavaThread "Build operations Thread 3" [_thread_blocked, id=19336, stack(0x00000069d4f00000,0x00000069d5000000)]
  0x0000016ffd735000 JavaThread "Build operations Thread 4" [_thread_blocked, id=19340, stack(0x00000069d5000000,0x00000069d5100000)]
  0x0000016ffd73b800 JavaThread "Memory manager" [_thread_blocked, id=17860, stack(0x00000069d4300000,0x00000069d4400000)]
  0x0000016ffd735800 JavaThread "build event listener" [_thread_blocked, id=19320, stack(0x00000069d5100000,0x00000069d5200000)]
  0x0000016ffd73e800 JavaThread "pool-3-thread-1" [_thread_blocked, id=8064, stack(0x00000069d5200000,0x00000069d5300000)]
  0x0000016ffd741000 JavaThread "build event listener" [_thread_blocked, id=6304, stack(0x00000069d5300000,0x00000069d5400000)]
  0x0000016ffd742000 JavaThread "Execution worker for ':'" [_thread_blocked, id=14040, stack(0x00000069d5400000,0x00000069d5500000)]
  0x0000016ffd73f800 JavaThread "Execution worker for ':' Thread 2" [_thread_blocked, id=10044, stack(0x00000069d5500000,0x00000069d5600000)]
  0x0000016ffd73c800 JavaThread "Execution worker for ':' Thread 3" [_thread_blocked, id=12364, stack(0x00000069d5600000,0x00000069d5700000)]
  0x0000016ffd73d000 JavaThread "Cache worker for execution history cache (E:\indifun\indifun0101-jameel\indifun0101-master\.gradle\6.7.1\executionHistory)" [_thread_blocked, id=18584, stack(0x00000069d5700000,0x00000069d5800000)]
  0x0000016ffd740800 JavaThread "Thread-155" [_thread_blocked, id=14376, stack(0x00000069d5900000,0x00000069d5a00000)]

Other Threads:
=>0x0000016ff8aaa000 VMThread "VM Thread" [stack: 0x00000069d2c00000,0x00000069d2d00000] [id=19392]
  0x0000016ff959e000 WatcherThread [stack: 0x00000069d3600000,0x00000069d3700000] [id=19432]
  0x0000016fde774000 GCTaskThread "GC Thread#0" [stack: 0x00000069d2700000,0x00000069d2800000] [id=19372]
  0x0000016ff9860800 GCTaskThread "GC Thread#1" [stack: 0x00000069d3700000,0x00000069d3800000] [id=19440]
  0x0000016ff9cd8800 GCTaskThread "GC Thread#2" [stack: 0x00000069d3800000,0x00000069d3900000] [id=19444]
  0x0000016ff979f000 GCTaskThread "GC Thread#3" [stack: 0x00000069d4500000,0x00000069d4600000] [id=7512]
  0x0000016fde7a4800 ConcurrentGCThread "G1 Main Marker" [stack: 0x00000069d2800000,0x00000069d2900000] [id=19376]
  0x0000016fde7a7000 ConcurrentGCThread "G1 Conc#0" [stack: 0x00000069d2900000,0x00000069d2a00000] [id=19380]
  0x0000016fde839000 ConcurrentGCThread "G1 Refine#0" [stack: 0x00000069d2a00000,0x00000069d2b00000] [id=19384]
  0x0000016fde83a000 ConcurrentGCThread "G1 Young RemSet Sampling" [stack: 0x00000069d2b00000,0x00000069d2c00000] [id=19388]

Threads with active compile tasks:

VM state:at safepoint (normal execution)

VM Mutex/Monitor currently owned by a thread:  ([mutex/lock_event])
[0x0000016fde758ad0] Threads_lock - owner thread: 0x0000016ff8aaa000
[0x0000016fde7582f0] Heap_lock - owner thread: 0x0000016ffd742000

Heap address: 0x0000000080000000, size: 2048 MB, Compressed Oops mode: 32-bit
Narrow klass base: 0x0000000000000000, Narrow klass shift: 3
Compressed class space size: 1073741824 Address: 0x0000000100000000

Heap:
 garbage-first heap   total 210944K, used 113510K [0x0000000080000000, 0x0000000100000000)
  region size 1024K, 3 young (3072K), 3 survivors (3072K)
 Metaspace       used 92452K, capacity 94487K, committed 94588K, reserved 1138688K
  class space    used 11916K, capacity 12707K, committed 12800K, reserved 1048576K
Heap Regions: E=young(eden), S=young(survivor), O=old, HS=humongous(starts), HC=humongous(continues), CS=collection set, F=free, A=archive, TAMS=top-at-mark-start (previous, next)
|   0|0x0000000080000000, 0x0000000080100000, 0x0000000080100000|100%| O|  |TAMS 0x0000000080100000, 0x0000000080100000| Untracked 
|   1|0x0000000080100000, 0x0000000080200000, 0x0000000080200000|100%| O|  |TAMS 0x0000000080200000, 0x0000000080200000| Untracked 
|   2|0x0000000080200000, 0x0000000080300000, 0x0000000080300000|100%| O|  |TAMS 0x0000000080300000, 0x0000000080300000| Untracked 
|   3|0x0000000080300000, 0x0000000080400000, 0x0000000080400000|100%|HS|  |TAMS 0x0000000080400000, 0x0000000080400000| Complete 
|   4|0x0000000080400000, 0x0000000080500000, 0x0000000080500000|100%|HC|  |TAMS 0x0000000080500000, 0x0000000080500000| Complete 
|   5|0x0000000080500000, 0x0000000080600000, 0x0000000080600000|100%|HC|  |TAMS 0x0000000080600000, 0x0000000080600000| Complete 
|   6|0x0000000080600000, 0x0000000080700000, 0x0000000080700000|100%| O|  |TAMS 0x0000000080700000, 0x0000000080700000| Untracked 
|   7|0x0000000080700000, 0x0000000080800000, 0x0000000080800000|100%| O|  |TAMS 0x0000000080800000, 0x0000000080800000| Untracked 
|   8|0x0000000080800000, 0x0000000080900000, 0x0000000080900000|100%| O|  |TAMS 0x0000000080900000, 0x0000000080900000| Untracked 
|   9|0x0000000080900000, 0x0000000080a00000, 0x0000000080a00000|100%| O|  |TAMS 0x0000000080a00000, 0x0000000080a00000| Untracked 
|  10|0x0000000080a00000, 0x0000000080b00000, 0x0000000080b00000|100%| O|  |TAMS 0x0000000080b00000, 0x0000000080b00000| Untracked 
|  11|0x0000000080b00000, 0x0000000080c00000, 0x0000000080c00000|100%| O|  |TAMS 0x0000000080c00000, 0x0000000080c00000| Untracked 
|  12|0x0000000080c00000, 0x0000000080d00000, 0x0000000080d00000|100%| O|  |TAMS 0x0000000080d00000, 0x0000000080d00000| Untracked 
|  13|0x0000000080d00000, 0x0000000080e00000, 0x0000000080e00000|100%| O|  |TAMS 0x0000000080e00000, 0x0000000080e00000| Untracked 
|  14|0x0000000080e00000, 0x0000000080f00000, 0x0000000080f00000|100%| O|  |TAMS 0x0000000080f00000, 0x0000000080f00000| Untracked 
|  15|0x0000000080f00000, 0x0000000081000000, 0x0000000081000000|100%| O|  |TAMS 0x0000000081000000, 0x0000000081000000| Untracked 
|  16|0x0000000081000000, 0x0000000081100000, 0x0000000081100000|100%| O|  |TAMS 0x0000000081100000, 0x0000000081100000| Untracked 
|  17|0x0000000081100000, 0x0000000081200000, 0x0000000081200000|100%| O|  |TAMS 0x0000000081200000, 0x0000000081200000| Untracked 
|  18|0x0000000081200000, 0x0000000081300000, 0x0000000081300000|100%| O|  |TAMS 0x0000000081300000, 0x0000000081300000| Untracked 
|  19|0x0000000081300000, 0x0000000081400000, 0x0000000081400000|100%|HS|  |TAMS 0x0000000081400000, 0x0000000081400000| Complete 
|  20|0x0000000081400000, 0x0000000081500000, 0x0000000081500000|100%| O|  |TAMS 0x0000000081500000, 0x0000000081500000| Untracked 
|  21|0x0000000081500000, 0x0000000081600000, 0x0000000081600000|100%| O|  |TAMS 0x0000000081600000, 0x0000000081600000| Untracked 
|  22|0x0000000081600000, 0x0000000081700000, 0x0000000081700000|100%|HS|  |TAMS 0x0000000081700000, 0x0000000081700000| Complete 
|  23|0x0000000081700000, 0x0000000081800000, 0x0000000081800000|100%|HC|  |TAMS 0x0000000081800000, 0x0000000081800000| Complete 
|  24|0x0000000081800000, 0x0000000081900000, 0x0000000081900000|100%|HC|  |TAMS 0x0000000081900000, 0x0000000081900000| Complete 
|  25|0x0000000081900000, 0x0000000081a00000, 0x0000000081a00000|100%|HS|  |TAMS 0x0000000081a00000, 0x0000000081a00000| Complete 
|  26|0x0000000081a00000, 0x0000000081b00000, 0x0000000081b00000|100%|HC|  |TAMS 0x0000000081b00000, 0x0000000081b00000| Complete 
|  27|0x0000000081b00000, 0x0000000081c00000, 0x0000000081c00000|100%| O|  |TAMS 0x0000000081c00000, 0x0000000081c00000| Untracked 
|  28|0x0000000081c00000, 0x0000000081d00000, 0x0000000081d00000|100%| O|  |TAMS 0x0000000081d00000, 0x0000000081d00000| Untracked 
|  29|0x0000000081d00000, 0x0000000081e00000, 0x0000000081e00000|100%| O|  |TAMS 0x0000000081e00000, 0x0000000081e00000| Untracked 
|  30|0x0000000081e00000, 0x0000000081f00000, 0x0000000081f00000|100%| O|  |TAMS 0x0000000081f00000, 0x0000000081f00000| Untracked 
|  31|0x0000000081f00000, 0x0000000082000000, 0x0000000082000000|100%| O|  |TAMS 0x0000000082000000, 0x0000000082000000| Untracked 
|  32|0x0000000082000000, 0x0000000082100000, 0x0000000082100000|100%| O|  |TAMS 0x0000000082100000, 0x0000000082100000| Untracked 
|  33|0x0000000082100000, 0x0000000082200000, 0x0000000082200000|100%| O|  |TAMS 0x00000000821aba00, 0x0000000082200000| Untracked 
|  34|0x0000000082200000, 0x0000000082300000, 0x0000000082300000|100%| O|  |TAMS 0x0000000082300000, 0x0000000082300000| Untracked 
|  35|0x0000000082300000, 0x0000000082400000, 0x0000000082400000|100%| O|  |TAMS 0x0000000082400000, 0x0000000082400000| Untracked 
|  36|0x0000000082400000, 0x0000000082500000, 0x0000000082500000|100%| O|  |TAMS 0x0000000082500000, 0x0000000082500000| Untracked 
|  37|0x0000000082500000, 0x0000000082600000, 0x0000000082600000|100%| O|  |TAMS 0x0000000082600000, 0x0000000082600000| Untracked 
|  38|0x0000000082600000, 0x0000000082700000, 0x0000000082700000|100%| O|  |TAMS 0x0000000082700000, 0x0000000082700000| Untracked 
|  39|0x0000000082700000, 0x0000000082800000, 0x0000000082800000|100%| O|  |TAMS 0x0000000082800000, 0x0000000082800000| Untracked 
|  40|0x0000000082800000, 0x0000000082900000, 0x0000000082900000|100%| O|  |TAMS 0x0000000082900000, 0x0000000082900000| Untracked 
|  41|0x0000000082900000, 0x0000000082a00000, 0x0000000082a00000|100%| O|  |TAMS 0x0000000082a00000, 0x0000000082a00000| Untracked 
|  42|0x0000000082a00000, 0x0000000082b00000, 0x0000000082b00000|100%| O|  |TAMS 0x0000000082b00000, 0x0000000082b00000| Untracked 
|  43|0x0000000082b00000, 0x0000000082c00000, 0x0000000082c00000|100%| O|  |TAMS 0x0000000082c00000, 0x0000000082c00000| Untracked 
|  44|0x0000000082c00000, 0x0000000082d00000, 0x0000000082d00000|100%| O|  |TAMS 0x0000000082d00000, 0x0000000082d00000| Untracked 
|  45|0x0000000082d00000, 0x0000000082e00000, 0x0000000082e00000|100%| O|  |TAMS 0x0000000082e00000, 0x0000000082e00000| Untracked 
|  46|0x0000000082e00000, 0x0000000082f00000, 0x0000000082f00000|100%| O|  |TAMS 0x0000000082f00000, 0x0000000082f00000| Untracked 
|  47|0x0000000082f00000, 0x0000000083000000, 0x0000000083000000|100%| O|  |TAMS 0x0000000083000000, 0x0000000083000000| Untracked 
|  48|0x0000000083000000, 0x0000000083100000, 0x0000000083100000|100%| O|  |TAMS 0x0000000083100000, 0x0000000083100000| Untracked 
|  49|0x0000000083100000, 0x0000000083200000, 0x0000000083200000|100%| O|  |TAMS 0x0000000083200000, 0x0000000083200000| Untracked 
|  50|0x0000000083200000, 0x0000000083300000, 0x0000000083300000|100%| O|  |TAMS 0x0000000083300000, 0x0000000083300000| Untracked 
|  51|0x0000000083300000, 0x0000000083400000, 0x0000000083400000|100%| O|  |TAMS 0x0000000083400000, 0x0000000083400000| Untracked 
|  52|0x0000000083400000, 0x0000000083500000, 0x0000000083500000|100%| O|  |TAMS 0x0000000083500000, 0x0000000083500000| Untracked 
|  53|0x0000000083500000, 0x0000000083600000, 0x0000000083600000|100%| O|  |TAMS 0x0000000083600000, 0x0000000083600000| Untracked 
|  54|0x0000000083600000, 0x0000000083700000, 0x0000000083700000|100%| O|  |TAMS 0x0000000083700000, 0x0000000083700000| Untracked 
|  55|0x0000000083700000, 0x0000000083800000, 0x0000000083800000|100%| O|  |TAMS 0x0000000083800000, 0x0000000083800000| Untracked 
|  56|0x0000000083800000, 0x0000000083900000, 0x0000000083900000|100%| O|  |TAMS 0x0000000083900000, 0x0000000083900000| Untracked 
|  57|0x0000000083900000, 0x0000000083a00000, 0x0000000083a00000|100%| O|  |TAMS 0x0000000083a00000, 0x0000000083a00000| Untracked 
|  58|0x0000000083a00000, 0x0000000083b00000, 0x0000000083b00000|100%| O|  |TAMS 0x0000000083b00000, 0x0000000083b00000| Untracked 
|  59|0x0000000083b00000, 0x0000000083c00000, 0x0000000083c00000|100%| O|  |TAMS 0x0000000083c00000, 0x0000000083c00000| Untracked 
|  60|0x0000000083c00000, 0x0000000083d00000, 0x0000000083d00000|100%| O|  |TAMS 0x0000000083d00000, 0x0000000083d00000| Untracked 
|  61|0x0000000083d00000, 0x0000000083e00000, 0x0000000083e00000|100%| O|  |TAMS 0x0000000083e00000, 0x0000000083e00000| Untracked 
|  62|0x0000000083e00000, 0x0000000083f00000, 0x0000000083f00000|100%| O|  |TAMS 0x0000000083f00000, 0x0000000083f00000| Untracked 
|  63|0x0000000083f00000, 0x0000000084000000, 0x0000000084000000|100%| O|  |TAMS 0x0000000084000000, 0x0000000084000000| Untracked 
|  64|0x0000000084000000, 0x0000000084100000, 0x0000000084100000|100%| O|  |TAMS 0x0000000084100000, 0x0000000084100000| Untracked 
|  65|0x0000000084100000, 0x0000000084200000, 0x0000000084200000|100%| O|  |TAMS 0x0000000084200000, 0x0000000084200000| Untracked 
|  66|0x0000000084200000, 0x0000000084300000, 0x0000000084300000|100%| O|  |TAMS 0x0000000084300000, 0x0000000084300000| Untracked 
|  67|0x0000000084300000, 0x0000000084400000, 0x0000000084400000|100%| O|  |TAMS 0x0000000084400000, 0x0000000084400000| Untracked 
|  68|0x0000000084400000, 0x0000000084500000, 0x0000000084500000|100%| O|  |TAMS 0x0000000084500000, 0x0000000084500000| Untracked 
|  69|0x0000000084500000, 0x0000000084600000, 0x0000000084600000|100%| O|  |TAMS 0x0000000084600000, 0x0000000084600000| Untracked 
|  70|0x0000000084600000, 0x0000000084700000, 0x0000000084700000|100%| O|  |TAMS 0x0000000084700000, 0x0000000084700000| Untracked 
|  71|0x0000000084700000, 0x0000000084800000, 0x0000000084800000|100%| O|  |TAMS 0x0000000084800000, 0x0000000084800000| Untracked 
|  72|0x0000000084800000, 0x0000000084900000, 0x0000000084900000|100%| O|  |TAMS 0x0000000084900000, 0x0000000084900000| Untracked 
|  73|0x0000000084900000, 0x0000000084a00000, 0x0000000084a00000|100%| O|  |TAMS 0x0000000084a00000, 0x0000000084a00000| Untracked 
|  74|0x0000000084a00000, 0x0000000084b00000, 0x0000000084b00000|100%| O|  |TAMS 0x0000000084b00000, 0x0000000084b00000| Untracked 
|  75|0x0000000084b00000, 0x0000000084c00000, 0x0000000084c00000|100%| O|  |TAMS 0x0000000084c00000, 0x0000000084c00000| Untracked 
|  76|0x0000000084c00000, 0x0000000084d00000, 0x0000000084d00000|100%| O|  |TAMS 0x0000000084d00000, 0x0000000084d00000| Untracked 
|  77|0x0000000084d00000, 0x0000000084e00000, 0x0000000084e00000|100%| O|  |TAMS 0x0000000084e00000, 0x0000000084e00000| Untracked 
|  78|0x0000000084e00000, 0x0000000084f00000, 0x0000000084f00000|100%| O|  |TAMS 0x0000000084f00000, 0x0000000084f00000| Untracked 
|  79|0x0000000084f00000, 0x0000000085000000, 0x0000000085000000|100%| O|  |TAMS 0x0000000085000000, 0x0000000085000000| Untracked 
|  80|0x0000000085000000, 0x0000000085100000, 0x0000000085100000|100%| O|  |TAMS 0x0000000085100000, 0x0000000085100000| Untracked 
|  81|0x0000000085100000, 0x0000000085200000, 0x0000000085200000|100%| O|  |TAMS 0x0000000085200000, 0x0000000085200000| Untracked 
|  82|0x0000000085200000, 0x0000000085300000, 0x0000000085300000|100%| O|  |TAMS 0x0000000085300000, 0x0000000085300000| Untracked 
|  83|0x0000000085300000, 0x0000000085400000, 0x0000000085400000|100%| O|  |TAMS 0x0000000085400000, 0x0000000085400000| Untracked 
|  84|0x0000000085400000, 0x0000000085500000, 0x0000000085500000|100%| O|  |TAMS 0x0000000085500000, 0x0000000085500000| Untracked 
|  85|0x0000000085500000, 0x0000000085600000, 0x0000000085600000|100%| O|  |TAMS 0x0000000085600000, 0x0000000085600000| Untracked 
|  86|0x0000000085600000, 0x0000000085700000, 0x0000000085700000|100%| O|  |TAMS 0x0000000085700000, 0x0000000085700000| Untracked 
|  87|0x0000000085700000, 0x0000000085800000, 0x0000000085800000|100%| O|  |TAMS 0x0000000085800000, 0x0000000085800000| Untracked 
|  88|0x0000000085800000, 0x0000000085900000, 0x0000000085900000|100%| O|  |TAMS 0x0000000085900000, 0x0000000085900000| Untracked 
|  89|0x0000000085900000, 0x0000000085a00000, 0x0000000085a00000|100%| O|  |TAMS 0x0000000085a00000, 0x0000000085a00000| Untracked 
|  90|0x0000000085a00000, 0x0000000085b00000, 0x0000000085b00000|100%| O|  |TAMS 0x0000000085b00000, 0x0000000085b00000| Untracked 
|  91|0x0000000085b00000, 0x0000000085c00000, 0x0000000085c00000|100%| O|  |TAMS 0x0000000085c00000, 0x0000000085c00000| Untracked 
|  92|0x0000000085c00000, 0x0000000085d00000, 0x0000000085d00000|100%| O|  |TAMS 0x0000000085d00000, 0x0000000085d00000| Untracked 
|  93|0x0000000085d00000, 0x0000000085e00000, 0x0000000085e00000|100%| O|  |TAMS 0x0000000085e00000, 0x0000000085e00000| Untracked 
|  94|0x0000000085e00000, 0x0000000085f00000, 0x0000000085f00000|100%| O|  |TAMS 0x0000000085f00000, 0x0000000085f00000| Untracked 
|  95|0x0000000085f00000, 0x0000000086000000, 0x0000000086000000|100%| O|  |TAMS 0x0000000086000000, 0x0000000086000000| Untracked 
|  96|0x0000000086000000, 0x0000000086100000, 0x0000000086100000|100%| O|  |TAMS 0x0000000086100000, 0x0000000086100000| Untracked 
|  97|0x0000000086100000, 0x0000000086200000, 0x0000000086200000|100%| O|  |TAMS 0x0000000086200000, 0x0000000086200000| Untracked 
|  98|0x0000000086200000, 0x0000000086300000, 0x0000000086300000|100%| O|  |TAMS 0x0000000086300000, 0x0000000086300000| Untracked 
|  99|0x0000000086300000, 0x0000000086400000, 0x0000000086400000|100%| O|  |TAMS 0x0000000086400000, 0x0000000086400000| Untracked 
| 100|0x0000000086400000, 0x0000000086500000, 0x0000000086500000|100%| O|  |TAMS 0x0000000086500000, 0x0000000086500000| Untracked 
| 101|0x0000000086500000, 0x0000000086600000, 0x0000000086600000|100%| O|  |TAMS 0x0000000086600000, 0x0000000086600000| Untracked 
| 102|0x0000000086600000, 0x0000000086700000, 0x0000000086700000|100%| O|  |TAMS 0x0000000086700000, 0x0000000086700000| Untracked 
| 103|0x0000000086700000, 0x0000000086800000, 0x0000000086800000|100%| O|  |TAMS 0x0000000086800000, 0x0000000086800000| Untracked 
| 104|0x0000000086800000, 0x0000000086900000, 0x0000000086900000|100%| O|  |TAMS 0x0000000086900000, 0x0000000086900000| Untracked 
| 105|0x0000000086900000, 0x0000000086a00000, 0x0000000086a00000|100%| O|  |TAMS 0x0000000086900000, 0x0000000086a00000| Untracked 
| 106|0x0000000086a00000, 0x0000000086b00000, 0x0000000086b00000|100%| O|  |TAMS 0x0000000086a00000, 0x0000000086b00000| Untracked 
| 107|0x0000000086b00000, 0x0000000086bf6800, 0x0000000086c00000| 96%| O|  |TAMS 0x0000000086b00000, 0x0000000086bf6800| Untracked 
| 108|0x0000000086c00000, 0x0000000086c00000, 0x0000000086d00000|  0%| F|  |TAMS 0x0000000086c00000, 0x0000000086c00000| Untracked 
| 109|0x0000000086d00000, 0x0000000086d00000, 0x0000000086e00000|  0%| F|  |TAMS 0x0000000086d00000, 0x0000000086d00000| Untracked 
| 110|0x0000000086e00000, 0x0000000086e00000, 0x0000000086f00000|  0%| F|  |TAMS 0x0000000086e00000, 0x0000000086e00000| Untracked 
| 111|0x0000000086f00000, 0x0000000086f00000, 0x0000000087000000|  0%| F|  |TAMS 0x0000000086f00000, 0x0000000086f00000| Untracked 
| 112|0x0000000087000000, 0x0000000087000000, 0x0000000087100000|  0%| F|  |TAMS 0x0000000087000000, 0x0000000087000000| Untracked 
| 113|0x0000000087100000, 0x0000000087100000, 0x0000000087200000|  0%| F|  |TAMS 0x0000000087100000, 0x0000000087100000| Untracked 
| 114|0x0000000087200000, 0x0000000087200000, 0x0000000087300000|  0%| F|  |TAMS 0x0000000087200000, 0x0000000087200000| Untracked 
| 115|0x0000000087300000, 0x0000000087300000, 0x0000000087400000|  0%| F|  |TAMS 0x0000000087300000, 0x0000000087300000| Untracked 
| 116|0x0000000087400000, 0x0000000087400000, 0x0000000087500000|  0%| F|  |TAMS 0x0000000087400000, 0x0000000087400000| Untracked 
| 117|0x0000000087500000, 0x0000000087500000, 0x0000000087600000|  0%| F|  |TAMS 0x0000000087500000, 0x0000000087500000| Untracked 
| 118|0x0000000087600000, 0x0000000087600000, 0x0000000087700000|  0%| F|  |TAMS 0x0000000087600000, 0x0000000087600000| Untracked 
| 119|0x0000000087700000, 0x0000000087700000, 0x0000000087800000|  0%| F|  |TAMS 0x0000000087700000, 0x0000000087700000| Untracked 
| 120|0x0000000087800000, 0x0000000087800000, 0x0000000087900000|  0%| F|  |TAMS 0x0000000087800000, 0x0000000087800000| Untracked 
| 121|0x0000000087900000, 0x0000000087900000, 0x0000000087a00000|  0%| F|  |TAMS 0x0000000087900000, 0x0000000087900000| Untracked 
| 122|0x0000000087a00000, 0x0000000087a00000, 0x0000000087b00000|  0%| F|  |TAMS 0x0000000087a00000, 0x0000000087a00000| Untracked 
| 123|0x0000000087b00000, 0x0000000087b00000, 0x0000000087c00000|  0%| F|  |TAMS 0x0000000087b00000, 0x0000000087b00000| Untracked 
| 124|0x0000000087c00000, 0x0000000087c00000, 0x0000000087d00000|  0%| F|  |TAMS 0x0000000087c00000, 0x0000000087c00000| Untracked 
| 125|0x0000000087d00000, 0x0000000087d00000, 0x0000000087e00000|  0%| F|  |TAMS 0x0000000087d00000, 0x0000000087d00000| Untracked 
| 126|0x0000000087e00000, 0x0000000087e00000, 0x0000000087f00000|  0%| F|  |TAMS 0x0000000087e00000, 0x0000000087e00000| Untracked 
| 127|0x0000000087f00000, 0x0000000087f00000, 0x0000000088000000|  0%| F|  |TAMS 0x0000000087f00000, 0x0000000087f00000| Untracked 
| 128|0x0000000088000000, 0x0000000088000000, 0x0000000088100000|  0%| F|  |TAMS 0x0000000088000000, 0x0000000088000000| Untracked 
| 129|0x0000000088100000, 0x0000000088100000, 0x0000000088200000|  0%| F|  |TAMS 0x0000000088100000, 0x0000000088100000| Untracked 
| 130|0x0000000088200000, 0x0000000088200000, 0x0000000088300000|  0%| F|  |TAMS 0x0000000088200000, 0x0000000088200000| Untracked 
| 131|0x0000000088300000, 0x0000000088300000, 0x0000000088400000|  0%| F|  |TAMS 0x0000000088300000, 0x0000000088300000| Untracked 
| 132|0x0000000088400000, 0x0000000088400000, 0x0000000088500000|  0%| F|  |TAMS 0x0000000088400000, 0x0000000088400000| Untracked 
| 133|0x0000000088500000, 0x0000000088500000, 0x0000000088600000|  0%| F|  |TAMS 0x0000000088500000, 0x0000000088500000| Untracked 
| 134|0x0000000088600000, 0x0000000088600000, 0x0000000088700000|  0%| F|  |TAMS 0x0000000088600000, 0x0000000088600000| Untracked 
| 135|0x0000000088700000, 0x0000000088700000, 0x0000000088800000|  0%| F|  |TAMS 0x0000000088700000, 0x0000000088700000| Untracked 
| 136|0x0000000088800000, 0x0000000088800000, 0x0000000088900000|  0%| F|  |TAMS 0x0000000088800000, 0x0000000088800000| Untracked 
| 137|0x0000000088900000, 0x0000000088900000, 0x0000000088a00000|  0%| F|  |TAMS 0x0000000088900000, 0x0000000088900000| Untracked 
| 138|0x0000000088a00000, 0x0000000088a00000, 0x0000000088b00000|  0%| F|  |TAMS 0x0000000088a00000, 0x0000000088a00000| Untracked 
| 139|0x0000000088b00000, 0x0000000088b00000, 0x0000000088c00000|  0%| F|  |TAMS 0x0000000088b00000, 0x0000000088b00000| Untracked 
| 140|0x0000000088c00000, 0x0000000088c00000, 0x0000000088d00000|  0%| F|  |TAMS 0x0000000088c00000, 0x0000000088c00000| Untracked 
| 141|0x0000000088d00000, 0x0000000088d00000, 0x0000000088e00000|  0%| F|  |TAMS 0x0000000088d00000, 0x0000000088d00000| Untracked 
| 142|0x0000000088e00000, 0x0000000088e00000, 0x0000000088f00000|  0%| F|  |TAMS 0x0000000088e00000, 0x0000000088e00000| Untracked 
| 143|0x0000000088f00000, 0x0000000088f00000, 0x0000000089000000|  0%| F|  |TAMS 0x0000000088f00000, 0x0000000088f00000| Untracked 
| 144|0x0000000089000000, 0x0000000089000000, 0x0000000089100000|  0%| F|  |TAMS 0x0000000089000000, 0x0000000089000000| Untracked 
| 145|0x0000000089100000, 0x0000000089100000, 0x0000000089200000|  0%| F|  |TAMS 0x0000000089100000, 0x0000000089100000| Untracked 
| 146|0x0000000089200000, 0x0000000089200000, 0x0000000089300000|  0%| F|  |TAMS 0x0000000089200000, 0x0000000089200000| Untracked 
| 147|0x0000000089300000, 0x0000000089300000, 0x0000000089400000|  0%| F|  |TAMS 0x0000000089300000, 0x0000000089300000| Untracked 
| 148|0x0000000089400000, 0x0000000089400000, 0x0000000089500000|  0%| F|  |TAMS 0x0000000089400000, 0x0000000089400000| Untracked 
| 149|0x0000000089500000, 0x0000000089500000, 0x0000000089600000|  0%| F|  |TAMS 0x0000000089500000, 0x0000000089500000| Untracked 
| 150|0x0000000089600000, 0x0000000089600000, 0x0000000089700000|  0%| F|  |TAMS 0x0000000089600000, 0x0000000089600000| Untracked 
| 151|0x0000000089700000, 0x0000000089700000, 0x0000000089800000|  0%| F|  |TAMS 0x0000000089700000, 0x0000000089700000| Untracked 
| 152|0x0000000089800000, 0x0000000089800000, 0x0000000089900000|  0%| F|  |TAMS 0x0000000089800000, 0x0000000089800000| Untracked 
| 153|0x0000000089900000, 0x0000000089900000, 0x0000000089a00000|  0%| F|  |TAMS 0x0000000089900000, 0x0000000089900000| Untracked 
| 154|0x0000000089a00000, 0x0000000089a00000, 0x0000000089b00000|  0%| F|  |TAMS 0x0000000089a00000, 0x0000000089a00000| Untracked 
| 155|0x0000000089b00000, 0x0000000089b00000, 0x0000000089c00000|  0%| F|  |TAMS 0x0000000089b00000, 0x0000000089b00000| Untracked 
| 156|0x0000000089c00000, 0x0000000089c00000, 0x0000000089d00000|  0%| F|  |TAMS 0x0000000089c00000, 0x0000000089c00000| Untracked 
| 157|0x0000000089d00000, 0x0000000089d00000, 0x0000000089e00000|  0%| F|  |TAMS 0x0000000089d00000, 0x0000000089d00000| Untracked 
| 158|0x0000000089e00000, 0x0000000089e00000, 0x0000000089f00000|  0%| F|  |TAMS 0x0000000089e00000, 0x0000000089e00000| Untracked 
| 159|0x0000000089f00000, 0x0000000089f00000, 0x000000008a000000|  0%| F|  |TAMS 0x0000000089f00000, 0x0000000089f00000| Untracked 
| 160|0x000000008a000000, 0x000000008a000000, 0x000000008a100000|  0%| F|  |TAMS 0x000000008a000000, 0x000000008a000000| Untracked 
| 161|0x000000008a100000, 0x000000008a100000, 0x000000008a200000|  0%| F|  |TAMS 0x000000008a100000, 0x000000008a100000| Untracked 
| 162|0x000000008a200000, 0x000000008a200000, 0x000000008a300000|  0%| F|  |TAMS 0x000000008a200000, 0x000000008a200000| Untracked 
| 163|0x000000008a300000, 0x000000008a300000, 0x000000008a400000|  0%| F|  |TAMS 0x000000008a300000, 0x000000008a300000| Untracked 
| 164|0x000000008a400000, 0x000000008a400000, 0x000000008a500000|  0%| F|  |TAMS 0x000000008a400000, 0x000000008a400000| Untracked 
| 165|0x000000008a500000, 0x000000008a500000, 0x000000008a600000|  0%| F|  |TAMS 0x000000008a500000, 0x000000008a500000| Untracked 
| 166|0x000000008a600000, 0x000000008a600000, 0x000000008a700000|  0%| F|  |TAMS 0x000000008a600000, 0x000000008a600000| Untracked 
| 167|0x000000008a700000, 0x000000008a700000, 0x000000008a800000|  0%| F|  |TAMS 0x000000008a700000, 0x000000008a700000| Untracked 
| 168|0x000000008a800000, 0x000000008a800000, 0x000000008a900000|  0%| F|  |TAMS 0x000000008a800000, 0x000000008a800000| Untracked 
| 169|0x000000008a900000, 0x000000008a900000, 0x000000008aa00000|  0%| F|  |TAMS 0x000000008a900000, 0x000000008a900000| Untracked 
| 170|0x000000008aa00000, 0x000000008aae33c0, 0x000000008ab00000| 88%| S|CS|TAMS 0x000000008aa00000, 0x000000008aa00000| Complete 
| 171|0x000000008ab00000, 0x000000008ac00000, 0x000000008ac00000|100%| S|CS|TAMS 0x000000008ab00000, 0x000000008ab00000| Complete 
| 172|0x000000008ac00000, 0x000000008ad00000, 0x000000008ad00000|100%| S|CS|TAMS 0x000000008ac00000, 0x000000008ac00000| Complete 
| 173|0x000000008ad00000, 0x000000008ad00000, 0x000000008ae00000|  0%| F|  |TAMS 0x000000008ad00000, 0x000000008ad00000| Untracked 
| 174|0x000000008ae00000, 0x000000008ae00000, 0x000000008af00000|  0%| F|  |TAMS 0x000000008ae00000, 0x000000008ae00000| Untracked 
| 175|0x000000008af00000, 0x000000008af00000, 0x000000008b000000|  0%| F|  |TAMS 0x000000008af00000, 0x000000008af00000| Untracked 
| 176|0x000000008b000000, 0x000000008b000000, 0x000000008b100000|  0%| F|  |TAMS 0x000000008b000000, 0x000000008b000000| Untracked 
| 177|0x000000008b100000, 0x000000008b100000, 0x000000008b200000|  0%| F|  |TAMS 0x000000008b100000, 0x000000008b100000| Untracked 
| 178|0x000000008b200000, 0x000000008b200000, 0x000000008b300000|  0%| F|  |TAMS 0x000000008b200000, 0x000000008b200000| Untracked 
| 179|0x000000008b300000, 0x000000008b300000, 0x000000008b400000|  0%| F|  |TAMS 0x000000008b300000, 0x000000008b300000| Untracked 
| 180|0x000000008b400000, 0x000000008b400000, 0x000000008b500000|  0%| F|  |TAMS 0x000000008b400000, 0x000000008b400000| Untracked 
| 181|0x000000008b500000, 0x000000008b500000, 0x000000008b600000|  0%| F|  |TAMS 0x000000008b500000, 0x000000008b500000| Untracked 
| 182|0x000000008b600000, 0x000000008b600000, 0x000000008b700000|  0%| F|  |TAMS 0x000000008b600000, 0x000000008b600000| Untracked 
| 183|0x000000008b700000, 0x000000008b700000, 0x000000008b800000|  0%| F|  |TAMS 0x000000008b700000, 0x000000008b700000| Untracked 
| 184|0x000000008b800000, 0x000000008b800000, 0x000000008b900000|  0%| F|  |TAMS 0x000000008b800000, 0x000000008b800000| Untracked 
| 185|0x000000008b900000, 0x000000008b900000, 0x000000008ba00000|  0%| F|  |TAMS 0x000000008b900000, 0x000000008b900000| Untracked 
| 186|0x000000008ba00000, 0x000000008ba00000, 0x000000008bb00000|  0%| F|  |TAMS 0x000000008ba00000, 0x000000008ba00000| Untracked 
| 187|0x000000008bb00000, 0x000000008bb00000, 0x000000008bc00000|  0%| F|  |TAMS 0x000000008bb00000, 0x000000008bb00000| Untracked 
| 188|0x000000008bc00000, 0x000000008bc00000, 0x000000008bd00000|  0%| F|  |TAMS 0x000000008bc00000, 0x000000008bc00000| Untracked 
| 189|0x000000008bd00000, 0x000000008bd00000, 0x000000008be00000|  0%| F|  |TAMS 0x000000008bd00000, 0x000000008bd00000| Untracked 
| 190|0x000000008be00000, 0x000000008be00000, 0x000000008bf00000|  0%| F|  |TAMS 0x000000008be00000, 0x000000008be00000| Untracked 
| 191|0x000000008bf00000, 0x000000008bf00000, 0x000000008c000000|  0%| F|  |TAMS 0x000000008bf00000, 0x000000008bf00000| Untracked 
| 192|0x000000008c000000, 0x000000008c000000, 0x000000008c100000|  0%| F|  |TAMS 0x000000008c000000, 0x000000008c000000| Untracked 
| 193|0x000000008c100000, 0x000000008c100000, 0x000000008c200000|  0%| F|  |TAMS 0x000000008c100000, 0x000000008c100000| Untracked 
| 194|0x000000008c200000, 0x000000008c200000, 0x000000008c300000|  0%| F|  |TAMS 0x000000008c200000, 0x000000008c200000| Untracked 
| 195|0x000000008c300000, 0x000000008c300000, 0x000000008c400000|  0%| F|  |TAMS 0x000000008c300000, 0x000000008c300000| Untracked 
| 196|0x000000008c400000, 0x000000008c400000, 0x000000008c500000|  0%| F|  |TAMS 0x000000008c400000, 0x000000008c400000| Untracked 
| 197|0x000000008c500000, 0x000000008c500000, 0x000000008c600000|  0%| F|  |TAMS 0x000000008c500000, 0x000000008c500000| Untracked 
| 198|0x000000008c600000, 0x000000008c600000, 0x000000008c700000|  0%| F|  |TAMS 0x000000008c600000, 0x000000008c600000| Untracked 
| 199|0x000000008c700000, 0x000000008c700000, 0x000000008c800000|  0%| F|  |TAMS 0x000000008c700000, 0x000000008c700000| Untracked 
| 200|0x000000008c800000, 0x000000008c800000, 0x000000008c900000|  0%| F|  |TAMS 0x000000008c800000, 0x000000008c800000| Untracked 
| 201|0x000000008c900000, 0x000000008c900000, 0x000000008ca00000|  0%| F|  |TAMS 0x000000008c900000, 0x000000008c900000| Untracked 
| 202|0x000000008ca00000, 0x000000008ca00000, 0x000000008cb00000|  0%| F|  |TAMS 0x000000008ca00000, 0x000000008ca00000| Untracked 
| 203|0x000000008cb00000, 0x000000008cb00000, 0x000000008cc00000|  0%| F|  |TAMS 0x000000008cb00000, 0x000000008cb00000| Untracked 
| 204|0x000000008cc00000, 0x000000008cc00000, 0x000000008cd00000|  0%| F|  |TAMS 0x000000008cc00000, 0x000000008cc00000| Untracked 
| 205|0x000000008cd00000, 0x000000008cd00000, 0x000000008ce00000|  0%| F|  |TAMS 0x000000008cd00000, 0x000000008cd00000| Untracked 

Card table byte_map: [0x0000016ff1c70000,0x0000016ff2070000] _byte_map_base: 0x0000016ff1870000

Marking Bits (Prev, Next): (CMBitMap*) 0x0000016fde79ba68, (CMBitMap*) 0x0000016fde79baa0
 Prev Bits: [0x0000016ff2470000, 0x0000016ff4470000)
 Next Bits: [0x0000016ff4470000, 0x0000016ff6470000)

Polling page: 0x0000016fdce00000

Metaspace:

Usage:
  Non-class:     79.86 MB capacity,    78.65 MB ( 98%) used,  1016.22 KB (  1%) free+waste,   227.81 KB ( <1%) overhead. 
      Class:     12.41 MB capacity,    11.64 MB ( 94%) used,   689.05 KB (  5%) free+waste,   101.81 KB ( <1%) overhead. 
       Both:     92.27 MB capacity,    90.29 MB ( 98%) used,     1.67 MB (  2%) free+waste,   329.63 KB ( <1%) overhead. 

Virtual space:
  Non-class space:       88.00 MB reserved,      79.87 MB ( 91%) committed 
      Class space:        1.00 GB reserved,      12.50 MB (  1%) committed 
             Both:        1.09 GB reserved,      92.37 MB (  8%) committed 

Chunk freelists:
   Non-Class:  8.00 KB
       Class:  29.00 KB
        Both:  37.00 KB

MaxMetaspaceSize: 17179869184.00 GB
CompressedClassSpaceSize: 1.00 GB

CodeHeap 'non-profiled nmethods': size=120064Kb used=8889Kb max_used=8889Kb free=111174Kb
 bounds [0x0000016fe9d10000, 0x0000016fea5c0000, 0x0000016ff1250000]
CodeHeap 'profiled nmethods': size=120000Kb used=26698Kb max_used=26698Kb free=93301Kb
 bounds [0x0000016fe27e0000, 0x0000016fe4200000, 0x0000016fe9d10000]
CodeHeap 'non-nmethods': size=5696Kb used=2295Kb max_used=2344Kb free=3400Kb
 bounds [0x0000016fe2250000, 0x0000016fe24c0000, 0x0000016fe27e0000]
 total_blobs=13075 nmethods=12170 adapters=816
 compilation: enabled
              stopped_count=0, restarted_count=0
 full_count=0

Compilation events (20 events):
Event: 686.236 Thread 0x0000016ff8ad9800 12215       3       kotlin.collections.AbstractIterator::next (30 bytes)
Event: 686.237 Thread 0x0000016ff8ad9800 nmethod 12215 0x0000016fe41e3110 code [0x0000016fe41e32e0, 0x0000016fe41e3618]
Event: 687.069 Thread 0x0000016ff8ad9800 12216  s    3       java.io.ExpiringCache::clear (10 bytes)
Event: 687.069 Thread 0x0000016ff8ad9800 nmethod 12216 0x0000016fe41e3710 code [0x0000016fe41e38e0, 0x0000016fe41e3c08]
Event: 690.982 Thread 0x0000016ff8ad9800 12217   !   3       java.io.Writer::write (52 bytes)
Event: 690.982 Thread 0x0000016ff8ad9800 nmethod 12217 0x0000016fe41e3d10 code [0x0000016fe41e3ee0, 0x0000016fe41e43c8]
Event: 690.982 Thread 0x0000016ff8ad9800 12218       3       org.apache.groovy.io.StringBuilderWriter::write (16 bytes)
Event: 690.983 Thread 0x0000016ff8ad9800 nmethod 12218 0x0000016fe41e4590 code [0x0000016fe41e4760, 0x0000016fe41e4928]
Event: 690.985 Thread 0x0000016ff8acc000 12219       4       java.lang.AbstractStringBuilder::append (33 bytes)
Event: 691.005 Thread 0x0000016ff8acc000 nmethod 12219 0x0000016fea5baf10 code [0x0000016fea5bb0e0, 0x0000016fea5bb910]
Event: 691.005 Thread 0x0000016ff8acc000 12220       4       java.lang.AbstractStringBuilder::appendChars (130 bytes)
Event: 691.011 Thread 0x0000016ff8ad9800 12223 %     3       groovy.json.StringEscapeUtils::escapeJavaStyleString @ 28 (473 bytes)
Event: 691.016 Thread 0x0000016ff8acc000 nmethod 12220 0x0000016fea5bbd10 code [0x0000016fea5bbec0, 0x0000016fea5bc1e8]
Event: 691.016 Thread 0x0000016ff8acc000 12221   !   4       java.io.Writer::write (52 bytes)
Event: 691.021 Thread 0x0000016ff8ad9800 nmethod 12223% 0x0000016fe41e4a10 code [0x0000016fe41e5320, 0x0000016fe41ea368]
Event: 691.022 Thread 0x0000016ff8ad9800 12224       3       groovy.json.StringEscapeUtils::escapeJavaStyleString (473 bytes)
Event: 691.031 Thread 0x0000016ff8ad9800 nmethod 12224 0x0000016fe41eba10 code [0x0000016fe41ec320, 0x0000016fe41f1208]
Event: 691.049 Thread 0x0000016ff8acc000 nmethod 12221 0x0000016fea5bc390 code [0x0000016fea5bc580, 0x0000016fea5bd090]
Event: 691.049 Thread 0x0000016ff8acc000 12222       4       org.apache.groovy.io.StringBuilderWriter::write (16 bytes)
Event: 691.070 Thread 0x0000016ff8acc000 nmethod 12222 0x0000016fea5bd690 code [0x0000016fea5bd860, 0x0000016fea5be150]

GC Heap History (20 events):
Event: 600.595 GC heap before
{Heap before GC invocations=75 (full 0):
 garbage-first heap   total 131072K, used 112669K [0x0000000080000000, 0x0000000100000000)
  region size 1024K, 8 young (8192K), 1 survivors (1024K)
 Metaspace       used 86031K, capacity 87990K, committed 88316K, reserved 1126400K
  class space    used 11070K, capacity 11817K, committed 11904K, reserved 1048576K
}
Event: 600.599 GC heap after
{Heap after GC invocations=76 (full 0):
 garbage-first heap   total 131072K, used 106785K [0x0000000080000000, 0x0000000100000000)
  region size 1024K, 1 young (1024K), 1 survivors (1024K)
 Metaspace       used 86031K, capacity 87990K, committed 88316K, reserved 1126400K
  class space    used 11070K, capacity 11817K, committed 11904K, reserved 1048576K
}
Event: 600.818 GC heap before
{Heap before GC invocations=76 (full 0):
 garbage-first heap   total 131072K, used 112929K [0x0000000080000000, 0x0000000100000000)
  region size 1024K, 8 young (8192K), 1 survivors (1024K)
 Metaspace       used 86031K, capacity 87990K, committed 88316K, reserved 1126400K
  class space    used 11070K, capacity 11817K, committed 11904K, reserved 1048576K
}
Event: 600.825 GC heap after
{Heap after GC invocations=77 (full 0):
 garbage-first heap   total 131072K, used 106952K [0x0000000080000000, 0x0000000100000000)
  region size 1024K, 1 young (1024K), 1 survivors (1024K)
 Metaspace       used 86031K, capacity 87990K, committed 88316K, reserved 1126400K
  class space    used 11070K, capacity 11817K, committed 11904K, reserved 1048576K
}
Event: 601.669 GC heap before
{Heap before GC invocations=78 (full 0):
 garbage-first heap   total 131072K, used 113096K [0x0000000080000000, 0x0000000100000000)
  region size 1024K, 8 young (8192K), 1 survivors (1024K)
 Metaspace       used 86199K, capacity 88185K, committed 88316K, reserved 1126400K
  class space    used 11092K, capacity 11818K, committed 11904K, reserved 1048576K
}
Event: 601.680 GC heap after
{Heap after GC invocations=79 (full 0):
 garbage-first heap   total 131072K, used 107197K [0x0000000080000000, 0x0000000100000000)
  region size 1024K, 1 young (1024K), 1 survivors (1024K)
 Metaspace       used 86199K, capacity 88185K, committed 88316K, reserved 1126400K
  class space    used 11092K, capacity 11818K, committed 11904K, reserved 1048576K
}
Event: 603.501 GC heap before
{Heap before GC invocations=79 (full 0):
 garbage-first heap   total 131072K, used 113341K [0x0000000080000000, 0x0000000100000000)
  region size 1024K, 8 young (8192K), 1 survivors (1024K)
 Metaspace       used 86855K, capacity 88857K, committed 89212K, reserved 1126400K
  class space    used 11186K, capacity 11914K, committed 12032K, reserved 1048576K
}
Event: 603.512 GC heap after
{Heap after GC invocations=80 (full 0):
 garbage-first heap   total 131072K, used 107399K [0x0000000080000000, 0x0000000100000000)
  region size 1024K, 1 young (1024K), 1 survivors (1024K)
 Metaspace       used 86855K, capacity 88857K, committed 89212K, reserved 1126400K
  class space    used 11186K, capacity 11914K, committed 12032K, reserved 1048576K
}
Event: 604.069 GC heap before
{Heap before GC invocations=81 (full 0):
 garbage-first heap   total 131072K, used 113543K [0x0000000080000000, 0x0000000100000000)
  region size 1024K, 7 young (7168K), 1 survivors (1024K)
 Metaspace       used 87436K, capacity 89465K, committed 89852K, reserved 1126400K
  class space    used 11270K, capacity 12010K, committed 12160K, reserved 1048576K
}
Event: 604.124 GC heap after
{Heap after GC invocations=82 (full 0):
 garbage-first heap   total 157696K, used 107552K [0x0000000080000000, 0x0000000100000000)
  region size 1024K, 1 young (1024K), 1 survivors (1024K)
 Metaspace       used 87436K, capacity 89465K, committed 89852K, reserved 1126400K
  class space    used 11270K, capacity 12010K, committed 12160K, reserved 1048576K
}
Event: 604.531 GC heap before
{Heap before GC invocations=82 (full 0):
 garbage-first heap   total 157696K, used 113696K [0x0000000080000000, 0x0000000100000000)
  region size 1024K, 7 young (7168K), 1 survivors (1024K)
 Metaspace       used 88114K, capacity 90137K, committed 90364K, reserved 1128448K
  class space    used 11359K, capacity 12106K, committed 12160K, reserved 1048576K
}
Event: 604.541 GC heap after
{Heap after GC invocations=83 (full 0):
 garbage-first heap   total 157696K, used 107633K [0x0000000080000000, 0x0000000100000000)
  region size 1024K, 1 young (1024K), 1 survivors (1024K)
 Metaspace       used 88114K, capacity 90137K, committed 90364K, reserved 1128448K
  class space    used 11359K, capacity 12106K, committed 12160K, reserved 1048576K
}
Event: 605.639 GC heap before
{Heap before GC invocations=83 (full 0):
 garbage-first heap   total 157696K, used 124017K [0x0000000080000000, 0x0000000100000000)
  region size 1024K, 17 young (17408K), 1 survivors (1024K)
 Metaspace       used 89657K, capacity 91673K, committed 91900K, reserved 1128448K
  class space    used 11547K, capacity 12298K, committed 12416K, reserved 1048576K
}
Event: 605.649 GC heap after
{Heap after GC invocations=84 (full 0):
 garbage-first heap   total 157696K, used 108488K [0x0000000080000000, 0x0000000100000000)
  region size 1024K, 2 young (2048K), 2 survivors (2048K)
 Metaspace       used 89657K, capacity 91673K, committed 91900K, reserved 1128448K
  class space    used 11547K, capacity 12298K, committed 12416K, reserved 1048576K
}
Event: 606.874 GC heap before
{Heap before GC invocations=85 (full 0):
 garbage-first heap   total 157696K, used 124872K [0x0000000080000000, 0x0000000100000000)
  region size 1024K, 18 young (18432K), 2 survivors (2048K)
 Metaspace       used 90939K, capacity 92977K, committed 93308K, reserved 1130496K
  class space    used 11686K, capacity 12433K, committed 12544K, reserved 1048576K
}
Event: 606.895 GC heap after
{Heap after GC invocations=86 (full 0):
 garbage-first heap   total 157696K, used 110533K [0x0000000080000000, 0x0000000100000000)
  region size 1024K, 3 young (3072K), 3 survivors (3072K)
 Metaspace       used 90939K, capacity 92977K, committed 93308K, reserved 1130496K
  class space    used 11686K, capacity 12433K, committed 12544K, reserved 1048576K
}
Event: 618.211 GC heap before
{Heap before GC invocations=86 (full 0):
 garbage-first heap   total 157696K, used 127941K [0x0000000080000000, 0x0000000100000000)
  region size 1024K, 20 young (20480K), 3 survivors (3072K)
 Metaspace       used 91037K, capacity 93107K, committed 93308K, reserved 1130496K
  class space    used 11701K, capacity 12477K, committed 12544K, reserved 1048576K
}
Event: 618.226 GC heap after
{Heap after GC invocations=87 (full 0):
 garbage-first heap   total 210944K, used 111834K [0x0000000080000000, 0x0000000100000000)
  region size 1024K, 2 young (2048K), 2 survivors (2048K)
 Metaspace       used 91037K, capacity 93107K, committed 93308K, reserved 1130496K
  class space    used 11701K, capacity 12477K, committed 12544K, reserved 1048576K
}
Event: 695.717 GC heap before
{Heap before GC invocations=87 (full 0):
 garbage-first heap   total 210944K, used 143578K [0x0000000080000000, 0x0000000100000000)
  region size 1024K, 35 young (35840K), 2 survivors (2048K)
 Metaspace       used 92452K, capacity 94487K, committed 94588K, reserved 1136640K
  class space    used 11916K, capacity 12707K, committed 12800K, reserved 1048576K
}
Event: 695.727 GC heap after
{Heap after GC invocations=88 (full 0):
 garbage-first heap   total 210944K, used 113510K [0x0000000080000000, 0x0000000100000000)
  region size 1024K, 3 young (3072K), 3 survivors (3072K)
 Metaspace       used 92452K, capacity 94487K, committed 94588K, reserved 1136640K
  class space    used 11916K, capacity 12707K, committed 12800K, reserved 1048576K
}

Deoptimization events (20 events):
Event: 682.449 Thread 0x0000016ffd742000 Uncommon trap: trap_request=0xffffffc6 fr.pc=0x0000016fea490f34 relative=0x0000000000000054
Event: 682.449 Thread 0x0000016ffd742000 Uncommon trap: reason=bimorphic_or_optimized_type_check action=maybe_recompile pc=0x0000016fea490f34 method=org.gradle.internal.logging.console.BuildLogLevelFilterRenderer.onOutput(Lorg/gradle/internal/logging/events/OutputEvent;)V @ 1 c2
Event: 682.449 Thread 0x0000016ffd742000 DEOPT PACKING pc=0x0000016fea490f34 sp=0x00000069d54fad50
Event: 682.450 Thread 0x0000016ffd742000 DEOPT UNPACKING pc=0x0000016fe227782f sp=0x00000069d54facd8 mode 2
Event: 682.450 Thread 0x0000016ffd742000 Uncommon trap: trap_request=0xffffffde fr.pc=0x0000016fea4823f4 relative=0x0000000000001f14
Event: 682.450 Thread 0x0000016ffd742000 Uncommon trap: reason=class_check action=maybe_recompile pc=0x0000016fea4823f4 method=org.gradle.internal.logging.sink.ProgressLogEventGenerator.onOutput(Lorg/gradle/internal/logging/events/OutputEvent;)V @ 19 c2
Event: 682.450 Thread 0x0000016ffd742000 DEOPT PACKING pc=0x0000016fea4823f4 sp=0x00000069d54fac50
Event: 682.450 Thread 0x0000016ffd742000 DEOPT UNPACKING pc=0x0000016fe227782f sp=0x00000069d54fac60 mode 2
Event: 682.451 Thread 0x0000016ffd742000 Uncommon trap: trap_request=0xffffffc6 fr.pc=0x0000016fea476ad0 relative=0x00000000000003f0
Event: 682.451 Thread 0x0000016ffd742000 Uncommon trap: reason=bimorphic_or_optimized_type_check action=maybe_recompile pc=0x0000016fea476ad0 method=org.gradle.launcher.daemon.server.exec.LogToClient$AsynchronousLogDispatcher$1.isMatchingBuildLogLevel(Lorg/gradle/internal/logging/events/OutputEv
Event: 682.451 Thread 0x0000016ffd742000 DEOPT PACKING pc=0x0000016fea476ad0 sp=0x00000069d54fae40
Event: 682.451 Thread 0x0000016ffd742000 DEOPT UNPACKING pc=0x0000016fe227782f sp=0x00000069d54fad98 mode 2
Event: 682.451 Thread 0x0000016ffd742000 Uncommon trap: trap_request=0xffffffc6 fr.pc=0x0000016fea490f34 relative=0x0000000000000054
Event: 682.451 Thread 0x0000016ffd742000 Uncommon trap: reason=bimorphic_or_optimized_type_check action=maybe_recompile pc=0x0000016fea490f34 method=org.gradle.internal.logging.console.BuildLogLevelFilterRenderer.onOutput(Lorg/gradle/internal/logging/events/OutputEvent;)V @ 1 c2
Event: 682.451 Thread 0x0000016ffd742000 DEOPT PACKING pc=0x0000016fea490f34 sp=0x00000069d54fae70
Event: 682.451 Thread 0x0000016ffd742000 DEOPT UNPACKING pc=0x0000016fe227782f sp=0x00000069d54fadf8 mode 2
Event: 682.451 Thread 0x0000016ffd742000 Uncommon trap: trap_request=0xffffffde fr.pc=0x0000016fea4823f4 relative=0x0000000000001f14
Event: 682.451 Thread 0x0000016ffd742000 Uncommon trap: reason=class_check action=maybe_recompile pc=0x0000016fea4823f4 method=org.gradle.internal.logging.sink.ProgressLogEventGenerator.onOutput(Lorg/gradle/internal/logging/events/OutputEvent;)V @ 19 c2
Event: 682.452 Thread 0x0000016ffd742000 DEOPT PACKING pc=0x0000016fea4823f4 sp=0x00000069d54fad70
Event: 682.452 Thread 0x0000016ffd742000 DEOPT UNPACKING pc=0x0000016fe227782f sp=0x00000069d54fad80 mode 2

Classes redefined (0 events):
No events

Internal exceptions (20 events):
Event: 618.185 Thread 0x0000016ffd742000 Exception <a 'sun/nio/fs/WindowsException'{0x0000000088816780}> (0x0000000088816780) thrown at [./src/hotspot/share/prims/jni.cpp, line 615]
Event: 618.185 Thread 0x0000016ffd742000 Exception <a 'sun/nio/fs/WindowsException'{0x00000000888173d0}> (0x00000000888173d0) thrown at [./src/hotspot/share/prims/jni.cpp, line 615]
Event: 618.185 Thread 0x0000016ffd742000 Exception <a 'sun/nio/fs/WindowsException'{0x0000000088819258}> (0x0000000088819258) thrown at [./src/hotspot/share/prims/jni.cpp, line 615]
Event: 618.185 Thread 0x0000016ffd742000 Exception <a 'sun/nio/fs/WindowsException'{0x0000000088819ea8}> (0x0000000088819ea8) thrown at [./src/hotspot/share/prims/jni.cpp, line 615]
Event: 618.186 Thread 0x0000016ffd742000 Exception <a 'sun/nio/fs/WindowsException'{0x000000008881bc20}> (0x000000008881bc20) thrown at [./src/hotspot/share/prims/jni.cpp, line 615]
Event: 618.186 Thread 0x0000016ffd742000 Exception <a 'sun/nio/fs/WindowsException'{0x000000008881c868}> (0x000000008881c868) thrown at [./src/hotspot/share/prims/jni.cpp, line 615]
Event: 618.186 Thread 0x0000016ffd742000 Exception <a 'sun/nio/fs/WindowsException'{0x000000008881f420}> (0x000000008881f420) thrown at [./src/hotspot/share/prims/jni.cpp, line 615]
Event: 618.186 Thread 0x0000016ffd742000 Exception <a 'sun/nio/fs/WindowsException'{0x0000000088820068}> (0x0000000088820068) thrown at [./src/hotspot/share/prims/jni.cpp, line 615]
Event: 618.187 Thread 0x0000016ffd742000 Exception <a 'sun/nio/fs/WindowsException'{0x0000000088821e10}> (0x0000000088821e10) thrown at [./src/hotspot/share/prims/jni.cpp, line 615]
Event: 618.187 Thread 0x0000016ffd742000 Exception <a 'sun/nio/fs/WindowsException'{0x0000000088822a58}> (0x0000000088822a58) thrown at [./src/hotspot/share/prims/jni.cpp, line 615]
Event: 618.188 Thread 0x0000016ffd742000 Exception <a 'java/lang/NoSuchMethodError'{0x0000000088824d18}: 'int java.lang.invoke.DirectMethodHandle$Holder.invokeSpecial(java.lang.Object, java.lang.Object, java.lang.Object, java.lang.Object, java.lang.Object)'> (0x0000000088824d18) thrown at [./src/hotspot/share/interpreter/linkResolver.cpp, line 773]
Event: 618.471 Thread 0x0000016ffd742000 Exception <a 'java/lang/NoSuchMethodError'{0x000000008cde7f48}: 'java.lang.Object java.lang.invoke.DirectMethodHandle$Holder.invokeSpecial(java.lang.Object, java.lang.Object, int, java.lang.Object, java.lang.Object)'> (0x000000008cde7f48) thrown at [./src/hotspot/share/interpreter/linkResolver.cpp, line 773]
Event: 618.475 Thread 0x0000016ffd742000 Exception <a 'java/lang/NoSuchMethodError'{0x000000008cdf04d8}: 'java.lang.Object java.lang.invoke.DirectMethodHandle$Holder.invokeStatic(java.lang.Object, java.lang.Object, int, java.lang.Object)'> (0x000000008cdf04d8) thrown at [./src/hotspot/share/interpreter/linkResolver.cpp, line 773]
Event: 618.477 Thread 0x0000016ffd742000 Exception <a 'java/lang/NoSuchMethodError'{0x000000008cdf41d0}: 'java.lang.Object java.lang.invoke.Invokers$Holder.linkToTargetMethod(java.lang.Object, int, java.lang.Object, java.lang.Object)'> (0x000000008cdf41d0) thrown at [./src/hotspot/share/interpreter/linkResolver.cpp, line 773]
Event: 618.480 Thread 0x0000016ffd742000 Exception <a 'java/lang/NoSuchMethodError'{0x000000008cc09af8}: 'void java.lang.invoke.DirectMethodHandle$Holder.invokeVirtual(java.lang.Object, java.lang.Object)'> (0x000000008cc09af8) thrown at [./src/hotspot/share/interpreter/linkResolver.cpp, line 773]
Event: 662.855 Thread 0x0000016ffd742000 Exception <a 'java/lang/NoSuchMethodError'{0x000000008b38eb60}: 'void java.lang.invoke.DirectMethodHandle$Holder.invokeStatic(java.lang.Object, long)'> (0x000000008b38eb60) thrown at [./src/hotspot/share/interpreter/linkResolver.cpp, line 773]
Event: 662.857 Thread 0x0000016ffd742000 Exception <a 'java/lang/NoSuchMethodError'{0x000000008b394570}: 'java.lang.Object java.lang.invoke.DirectMethodHandle$Holder.invokeStatic(java.lang.Object, long)'> (0x000000008b394570) thrown at [./src/hotspot/share/interpreter/linkResolver.cpp, line 773]
Event: 662.863 Thread 0x0000016ffd742000 Exception <a 'java/lang/NoSuchMethodError'{0x000000008b3a2e28}: 'java.lang.Object java.lang.invoke.DirectMethodHandle$Holder.invokeStaticInit(java.lang.Object, java.lang.Object, long, java.lang.Object)'> (0x000000008b3a2e28) thrown at [./src/hotspot/share/interpreter/linkResolver.cpp, line 773]
Event: 662.864 Thread 0x0000016ffd742000 Exception <a 'java/lang/NoSuchMethodError'{0x000000008b3a9510}: 'java.lang.Object java.lang.invoke.DirectMethodHandle$Holder.invokeStatic(java.lang.Object, java.lang.Object, long)'> (0x000000008b3a9510) thrown at [./src/hotspot/share/interpreter/linkResolver.cpp, line 773]
Event: 662.866 Thread 0x0000016ffd742000 Exception <a 'java/lang/NoSuchMethodError'{0x000000008b3affd8}: 'java.lang.Object java.lang.invoke.Invokers$Holder.linkToTargetMethod(java.lang.Object, long, java.lang.Object)'> (0x000000008b3affd8) thrown at [./src/hotspot/share/interpreter/linkResolver.cpp, line 773]

Events (20 events):
Event: 691.832 loading class org/jetbrains/kotlin/compilerRunner/ReportUtilsKt$createLoggingMessageCollector$1 done
Event: 691.833 loading class org/jetbrains/kotlin/cli/common/messages/XmlMessageRenderer
Event: 691.833 loading class org/jetbrains/kotlin/cli/common/messages/XmlMessageRenderer done
Event: 691.834 loading class org/jetbrains/kotlin/cli/common/messages/MessageRenderer$1
Event: 691.834 loading class org/jetbrains/kotlin/cli/common/messages/MessageRenderer$1 done
Event: 691.835 loading class org/jetbrains/kotlin/cli/common/messages/PlainTextMessageRenderer
Event: 691.835 loading class org/jetbrains/kotlin/cli/common/messages/PlainTextMessageRenderer done
Event: 691.836 loading class org/jetbrains/kotlin/com/intellij/openapi/util/SystemInfo
Event: 691.836 loading class org/jetbrains/kotlin/com/intellij/openapi/util/SystemInfo done
Event: 692.379 loading class org/jetbrains/kotlin/com/intellij/openapi/util/NotNullLazyValue
Event: 692.379 loading class org/jetbrains/kotlin/com/intellij/openapi/util/NotNullLazyValue done
Event: 693.905 loading class org/jetbrains/kotlin/com/intellij/openapi/util/io/PathExecLazyValue
Event: 693.905 loading class org/jetbrains/kotlin/com/intellij/openapi/util/io/PathExecLazyValue done
Event: 694.174 loading class org/jetbrains/kotlin/com/intellij/openapi/util/AtomicNotNullLazyValue
Event: 694.174 loading class org/jetbrains/kotlin/com/intellij/openapi/util/AtomicNotNullLazyValue done
Event: 694.369 loading class org/jetbrains/kotlin/com/intellij/openapi/util/SystemInfoRt
Event: 694.369 loading class org/jetbrains/kotlin/com/intellij/openapi/util/SystemInfoRt done
Event: 694.371 loading class org/jetbrains/kotlin/com/intellij/openapi/util/text/StringUtil
Event: 694.371 loading class org/jetbrains/kotlin/com/intellij/openapi/util/text/StringUtil done
Event: 695.717 Executing VM operation: CollectForMetadataAllocation


Dynamic libraries:
0x00007ff64ee40000 - 0x00007ff64ee4a000 	C:\Program Files\Android\Android Studio2\jre\bin\java.exe
0x00007fffa2e10000 - 0x00007fffa3005000 	C:\WINDOWS\SYSTEM32\ntdll.dll
0x00007fffa23f0000 - 0x00007fffa24ad000 	C:\WINDOWS\System32\KERNEL32.DLL
0x00007fffa07b0000 - 0x00007fffa0a79000 	C:\WINDOWS\System32\KERNELBASE.dll
0x00007fffa0b10000 - 0x00007fffa0c10000 	C:\WINDOWS\System32\ucrtbase.dll
0x00007fff97b10000 - 0x00007fff97b29000 	C:\Program Files\Android\Android Studio2\jre\bin\jli.dll
0x00007fff96d90000 - 0x00007fff96da7000 	C:\Program Files\Android\Android Studio2\jre\bin\VCRUNTIME140.dll
0x00007fffa2ab0000 - 0x00007fffa2c50000 	C:\WINDOWS\System32\USER32.dll
0x00007fffa0730000 - 0x00007fffa0752000 	C:\WINDOWS\System32\win32u.dll
0x00007fffa0f30000 - 0x00007fffa0f5a000 	C:\WINDOWS\System32\GDI32.dll
0x00007fffa0c10000 - 0x00007fffa0d1b000 	C:\WINDOWS\System32\gdi32full.dll
0x00007fffa0d20000 - 0x00007fffa0dbd000 	C:\WINDOWS\System32\msvcp_win.dll
0x00007fff972b0000 - 0x00007fff9754a000 	C:\WINDOWS\WinSxS\amd64_microsoft.windows.common-controls_6595b64144ccf1df_6.0.19041.1110_none_60b5254171f9507e\COMCTL32.dll
0x00007fffa24b0000 - 0x00007fffa254e000 	C:\WINDOWS\System32\msvcrt.dll
0x00007fffa1180000 - 0x00007fffa11b0000 	C:\WINDOWS\System32\IMM32.DLL
0x00007fff93bc0000 - 0x00007fff93c5d000 	C:\Program Files\Android\Android Studio2\jre\bin\msvcp140.dll
0x00007fff72fc0000 - 0x00007fff73a8f000 	C:\Program Files\Android\Android Studio2\jre\bin\server\jvm.dll
0x00007fffa2d20000 - 0x00007fffa2dcc000 	C:\WINDOWS\System32\ADVAPI32.dll
0x00007fffa1a30000 - 0x00007fffa1acb000 	C:\WINDOWS\System32\sechost.dll
0x00007fffa22c0000 - 0x00007fffa23ea000 	C:\WINDOWS\System32\RPCRT4.dll
0x00007fffa2550000 - 0x00007fffa2558000 	C:\WINDOWS\System32\PSAPI.DLL
0x00007fff95620000 - 0x00007fff95647000 	C:\WINDOWS\SYSTEM32\WINMM.dll
0x00007fff94c00000 - 0x00007fff94c0a000 	C:\WINDOWS\SYSTEM32\VERSION.dll
0x00007fff90a20000 - 0x00007fff90a29000 	C:\WINDOWS\SYSTEM32\WSOCK32.dll
0x00007fffa0f60000 - 0x00007fffa0fcb000 	C:\WINDOWS\System32\WS2_32.dll
0x00007fff9e450000 - 0x00007fff9e462000 	C:\WINDOWS\SYSTEM32\kernel.appcore.dll
0x00007fff96c90000 - 0x00007fff96ca1000 	C:\Program Files\Android\Android Studio2\jre\bin\verify.dll
0x00007fff90e10000 - 0x00007fff90ff4000 	C:\WINDOWS\SYSTEM32\DBGHELP.DLL
0x00007fff91130000 - 0x00007fff9115c000 	C:\WINDOWS\SYSTEM32\dbgcore.DLL
0x00007fffa0a80000 - 0x00007fffa0b03000 	C:\WINDOWS\System32\bcryptPrimitives.dll
0x00007fff96860000 - 0x00007fff96889000 	C:\Program Files\Android\Android Studio2\jre\bin\java.dll
0x00007fff9d790000 - 0x00007fff9d79b000 	C:\Program Files\Android\Android Studio2\jre\bin\jimage.dll
0x00007fff96640000 - 0x00007fff96658000 	C:\Program Files\Android\Android Studio2\jre\bin\zip.dll
0x00007fffa1b80000 - 0x00007fffa22bf000 	C:\WINDOWS\System32\SHELL32.dll
0x00007fff9e650000 - 0x00007fff9ede0000 	C:\WINDOWS\SYSTEM32\windows.storage.dll
0x00007fffa1410000 - 0x00007fffa1765000 	C:\WINDOWS\System32\combase.dll
0x00007fff9fed0000 - 0x00007fff9fefc000 	C:\WINDOWS\SYSTEM32\Wldp.dll
0x00007fffa1230000 - 0x00007fffa12de000 	C:\WINDOWS\System32\SHCORE.dll
0x00007fffa19d0000 - 0x00007fffa1a25000 	C:\WINDOWS\System32\shlwapi.dll
0x00007fffa0480000 - 0x00007fffa049f000 	C:\WINDOWS\SYSTEM32\profapi.dll
0x00007fff939c0000 - 0x00007fff939da000 	C:\Program Files\Android\Android Studio2\jre\bin\net.dll
0x00007fff947e0000 - 0x00007fff948e8000 	C:\WINDOWS\SYSTEM32\WINHTTP.dll
0x00007fff9fc30000 - 0x00007fff9fc9a000 	C:\WINDOWS\system32\mswsock.dll
0x00007fff8e4c0000 - 0x00007fff8e4d4000 	C:\Program Files\Android\Android Studio2\jre\bin\nio.dll
0x00007fff97b30000 - 0x00007fff97b57000 	C:\Users\Admin\.gradle\native\fdc75f09e3144964f2cf3f50f0aa648679c211496f362492102eb8c894070792\windows-amd64\native-platform.dll
0x00007fff7ae70000 - 0x00007fff7b006000 	C:\Users\Admin\.gradle\native\12488b8bf47d2d4c9fbf2f6322a914ad602e24e48041cd04a747c6da556b65c4\windows-amd64\native-platform-file-events.dll
0x00007fff9b7a0000 - 0x00007fff9b7aa000 	C:\Program Files\Android\Android Studio2\jre\bin\management.dll
0x00007fff97c30000 - 0x00007fff97c3c000 	C:\Program Files\Android\Android Studio2\jre\bin\management_ext.dll
0x00007fff9fe30000 - 0x00007fff9fe48000 	C:\WINDOWS\SYSTEM32\CRYPTSP.dll
0x00007fff9f5b0000 - 0x00007fff9f5e4000 	C:\WINDOWS\system32\rsaenh.dll
0x00007fffa05a0000 - 0x00007fffa05c7000 	C:\WINDOWS\System32\bcrypt.dll
0x00007fffa0400000 - 0x00007fffa042e000 	C:\WINDOWS\SYSTEM32\USERENV.dll
0x00007fff9fe20000 - 0x00007fff9fe2c000 	C:\WINDOWS\SYSTEM32\CRYPTBASE.dll
0x00007fff9f920000 - 0x00007fff9f95b000 	C:\WINDOWS\SYSTEM32\IPHLPAPI.DLL
0x00007fffa29e0000 - 0x00007fffa29e8000 	C:\WINDOWS\System32\NSI.dll
0x00007fff982d0000 - 0x00007fff982e7000 	C:\WINDOWS\SYSTEM32\dhcpcsvc6.DLL
0x00007fff983a0000 - 0x00007fff983bd000 	C:\WINDOWS\SYSTEM32\dhcpcsvc.DLL
0x00007fff9f960000 - 0x00007fff9fa2c000 	C:\WINDOWS\SYSTEM32\DNSAPI.dll
0x00007fff98480000 - 0x00007fff9848b000 	C:\WINDOWS\SYSTEM32\WINNSI.DLL
0x00007fff8e140000 - 0x00007fff8e167000 	C:\Program Files\Android\Android Studio2\jre\bin\sunec.dll
0x00007fff94ab0000 - 0x00007fff94aba000 	C:\Windows\System32\rasadhlp.dll
0x00007fff94c90000 - 0x00007fff94d0f000 	C:\WINDOWS\System32\fwpuclnt.dll
0x00007fff97220000 - 0x00007fff9723e000 	C:\Users\Admin\AppData\Local\Temp\native-platform11881877617799951161dir\native-platform.dll

dbghelp: loaded successfully - version: 4.0.5 - missing functions: none
symbol engine: initialized successfully - sym options: 0x614 - pdb path: .;C:\Program Files\Android\Android Studio2\jre\bin;C:\WINDOWS\SYSTEM32;C:\WINDOWS\WinSxS\amd64_microsoft.windows.common-controls_6595b64144ccf1df_6.0.19041.1110_none_60b5254171f9507e;C:\Program Files\Android\Android Studio2\jre\bin\server;C:\Users\Admin\.gradle\native\fdc75f09e3144964f2cf3f50f0aa648679c211496f362492102eb8c894070792\windows-amd64;C:\Users\Admin\.gradle\native\12488b8bf47d2d4c9fbf2f6322a914ad602e24e48041cd04a747c6da556b65c4\windows-amd64;C:\Users\Admin\AppData\Local\Temp\native-platform11881877617799951161dir

VM Arguments:
jvm_args: --add-opens=java.base/java.util=ALL-UNNAMED --add-opens=java.base/java.lang=ALL-UNNAMED --add-opens=java.base/java.lang.invoke=ALL-UNNAMED --add-opens=java.prefs/java.util.prefs=ALL-UNNAMED -Xmx2048m -Dfile.encoding=UTF-8 -Duser.country=US -Duser.language=en -Duser.variant 
java_command: org.gradle.launcher.daemon.bootstrap.GradleDaemon 6.7.1
java_class_path (initial): C:\Users\Admin\.gradle\wrapper\dists\gradle-6.7.1-bin\bwlcbys1h7rz3272sye1xwiv6\gradle-6.7.1\lib\gradle-launcher-6.7.1.jar
Launcher Type: SUN_STANDARD

[Global flags]
     intx CICompilerCount                          = 3                                         {product} {ergonomic}
     uint ConcGCThreads                            = 1                                         {product} {ergonomic}
     uint G1ConcRefinementThreads                  = 4                                         {product} {ergonomic}
   size_t G1HeapRegionSize                         = 1048576                                   {product} {ergonomic}
    uintx GCDrainStackTargetSize                   = 64                                        {product} {ergonomic}
   size_t InitialHeapSize                          = 134217728                                 {product} {ergonomic}
   size_t MarkStackSize                            = 4194304                                   {product} {ergonomic}
   size_t MaxHeapSize                              = 2147483648                                {product} {command line}
   size_t MaxNewSize                               = 1287651328                                {product} {ergonomic}
   size_t MinHeapDeltaBytes                        = 1048576                                   {product} {ergonomic}
    uintx NonNMethodCodeHeapSize                   = 5830732                                {pd product} {ergonomic}
    uintx NonProfiledCodeHeapSize                  = 122913754                              {pd product} {ergonomic}
    uintx ProfiledCodeHeapSize                     = 122913754                              {pd product} {ergonomic}
    uintx ReservedCodeCacheSize                    = 251658240                              {pd product} {ergonomic}
     bool SegmentedCodeCache                       = true                                      {product} {ergonomic}
     bool UseCompressedClassPointers               = true                                 {lp64_product} {ergonomic}
     bool UseCompressedOops                        = true                                 {lp64_product} {ergonomic}
     bool UseG1GC                                  = true                                      {product} {ergonomic}
     bool UseLargePagesIndividualAllocation        = false                                  {pd product} {ergonomic}

Logging:
Log output configuration:
 #0: stdout all=warning uptime,level,tags
 #1: stderr all=off uptime,level,tags

Environment Variables:
PATH=C:\Program Files (x86)\Common Files\Intel\Shared Libraries\redist\intel64\compiler;C:\Program Files (x86)\Common Files\Oracle\Java\javapath;C:\WINDOWS\system32;C:\WINDOWS;C:\WINDOWS\System32\Wbem;C:\WINDOWS\System32\WindowsPowerShell\v1.0\;C:\Program Files\Git\cmd;C:\Program Files\nodejs\;C:\WINDOWS\System32\OpenSSH\;C:\Program Files\Java\jdk1.8.0_231\bin;C:\Users\Admin\AppData\Roaming\npm;E:\tools;E:\tools\platform-tools;E:\apache-ant-1.9.14\bin;C:\gradle-6.2\bin;%USERPROFILE%\AppData\Local\Microsoft\WindowsApps;
USERNAME=Admin
OS=Windows_NT
PROCESSOR_IDENTIFIER=Intel64 Family 6 Model 58 Stepping 9, GenuineIntel



---------------  S Y S T E M  ---------------

OS: Windows 10 , 64 bit Build 19041 (10.0.19041.1151)
OS uptime: 7 days 21:47 hours

CPU:total 4 (initial active 4) (2 cores per cpu, 2 threads per core) family 6 model 58 stepping 9 microcode 0x21, cmov, cx8, fxsr, mmx, sse, sse2, sse3, ssse3, sse4.1, sse4.2, popcnt, avx, clmul, erms, ht, tsc, tscinvbit, tscinv

Memory: 4k page, system-wide physical 8079M (271M free)
TotalPageFile size 22834M (AvailPageFile size 45M)
current process WorkingSet (physical memory assigned to process): 376M, peak: 376M
current process commit charge ("private bytes"): 484M, peak: 494M

vm_info: OpenJDK 64-Bit Server VM (11.0.10+0-b96-7249189) for windows-amd64 JRE (11.0.10+0-b96-7249189), built on Mar 31 2021 21:44:00 by "builder" with MS VC++ 14.0 (VS2015)

END.
